2023-05-16 15:21:02 DEBUG backend Middleware registered
2023-05-16 15:21:02 DEBUG backend Database connection established
2023-05-16 15:32:06 DEBUG backend Middleware registered
2023-05-16 15:32:06 DEBUG backend Database connection established
2023-05-16 15:32:55 DEBUG backend Middleware registered
2023-05-16 15:32:55 DEBUG backend Database connection established
2023-05-16 15:33:13 DEBUG backend Middleware registered
2023-05-16 15:33:13 DEBUG backend Database connection established
2023-05-16 15:33:58 DEBUG backend Middleware registered
2023-05-16 15:33:58 DEBUG backend Database connection established
2023-05-16 15:34:25 DEBUG backend Middleware registered
2023-05-16 15:34:25 DEBUG backend Database connection established
2023-05-16 15:36:20 DEBUG backend Middleware registered
2023-05-16 15:36:20 DEBUG backend Database connection established
2023-05-16 15:36:48 DEBUG backend Middleware registered
2023-05-16 15:36:48 DEBUG backend Database connection established
2023-05-16 15:38:08 DEBUG backend Middleware registered
2023-05-16 15:38:08 DEBUG backend Database connection established
2023-05-16 15:38:58 DEBUG backend Middleware registered
2023-05-16 15:38:58 DEBUG backend Database connection established
2023-05-16 15:39:27 DEBUG backend Middleware registered
2023-05-16 15:39:27 DEBUG backend Database connection established
2023-05-16 15:40:05 DEBUG backend Middleware registered
2023-05-16 15:40:05 DEBUG backend Database connection established
2023-05-16 15:41:54 DEBUG backend Middleware registered
2023-05-16 15:41:54 DEBUG backend Database connection established
2023-05-16 15:42:44 DEBUG backend Middleware registered
2023-05-16 15:42:44 DEBUG backend Database connection established
2023-05-16 15:43:44 DEBUG backend Middleware registered
2023-05-16 15:43:44 DEBUG backend Database connection established
2023-05-16 15:44:03 DEBUG backend Middleware registered
2023-05-16 15:44:03 DEBUG backend Database connection established
2023-05-16 15:45:57 DEBUG backend Middleware registered
2023-05-16 15:45:57 DEBUG backend Database connection established
2023-05-16 15:47:06 DEBUG backend Middleware registered
2023-05-16 15:47:06 DEBUG backend Database connection established
2023-05-16 15:48:06 DEBUG backend Middleware registered
2023-05-16 15:48:06 DEBUG backend Database connection established
2023-05-16 15:49:11 DEBUG backend Middleware registered
2023-05-16 15:49:11 DEBUG backend Database connection established
2023-05-16 15:50:06 DEBUG backend Middleware registered
2023-05-16 15:50:06 DEBUG backend Database connection established
2023-05-16 15:51:06 DEBUG backend Middleware registered
2023-05-16 15:51:06 DEBUG backend Database connection established
2023-05-16 15:51:06 DEBUG faker.factory Looking for locale `en_US` in provider `faker.providers.address`.
2023-05-16 15:51:06 DEBUG faker.factory Provider `faker.providers.address` has been localized to `en_US`.
2023-05-16 15:51:06 DEBUG faker.factory Looking for locale `en_US` in provider `faker.providers.automotive`.
2023-05-16 15:51:06 DEBUG faker.factory Provider `faker.providers.automotive` has been localized to `en_US`.
2023-05-16 15:51:06 DEBUG faker.factory Looking for locale `en_US` in provider `faker.providers.bank`.
2023-05-16 15:51:06 DEBUG faker.factory Specified locale `en_US` is not available for provider `faker.providers.bank`. Locale reset to `en_GB` for this provider.
2023-05-16 15:51:06 DEBUG faker.factory Looking for locale `en_US` in provider `faker.providers.barcode`.
2023-05-16 15:51:06 DEBUG faker.factory Provider `faker.providers.barcode` has been localized to `en_US`.
2023-05-16 15:51:06 DEBUG faker.factory Looking for locale `en_US` in provider `faker.providers.color`.
2023-05-16 15:51:06 DEBUG faker.factory Provider `faker.providers.color` has been localized to `en_US`.
2023-05-16 15:51:06 DEBUG faker.factory Looking for locale `en_US` in provider `faker.providers.company`.
2023-05-16 15:51:06 DEBUG faker.factory Provider `faker.providers.company` has been localized to `en_US`.
2023-05-16 15:51:06 DEBUG faker.factory Looking for locale `en_US` in provider `faker.providers.credit_card`.
2023-05-16 15:51:06 DEBUG faker.factory Provider `faker.providers.credit_card` has been localized to `en_US`.
2023-05-16 15:51:06 DEBUG faker.factory Looking for locale `en_US` in provider `faker.providers.currency`.
2023-05-16 15:51:06 DEBUG faker.factory Provider `faker.providers.currency` has been localized to `en_US`.
2023-05-16 15:51:06 DEBUG faker.factory Looking for locale `en_US` in provider `faker.providers.date_time`.
2023-05-16 15:51:06 DEBUG faker.factory Provider `faker.providers.date_time` has been localized to `en_US`.
2023-05-16 15:51:06 DEBUG faker.factory Provider `faker.providers.file` does not feature localization. Specified locale `en_US` is not utilized for this provider.
2023-05-16 15:51:06 DEBUG faker.factory Looking for locale `en_US` in provider `faker.providers.geo`.
2023-05-16 15:51:06 DEBUG faker.factory Provider `faker.providers.geo` has been localized to `en_US`.
2023-05-16 15:51:06 DEBUG faker.factory Looking for locale `en_US` in provider `faker.providers.internet`.
2023-05-16 15:51:06 DEBUG faker.factory Provider `faker.providers.internet` has been localized to `en_US`.
2023-05-16 15:51:06 DEBUG faker.factory Provider `faker.providers.isbn` does not feature localization. Specified locale `en_US` is not utilized for this provider.
2023-05-16 15:51:06 DEBUG faker.factory Looking for locale `en_US` in provider `faker.providers.job`.
2023-05-16 15:51:06 DEBUG faker.factory Provider `faker.providers.job` has been localized to `en_US`.
2023-05-16 15:51:06 DEBUG faker.factory Looking for locale `en_US` in provider `faker.providers.lorem`.
2023-05-16 15:51:06 DEBUG faker.factory Provider `faker.providers.lorem` has been localized to `en_US`.
2023-05-16 15:51:06 DEBUG faker.factory Looking for locale `en_US` in provider `faker.providers.misc`.
2023-05-16 15:51:06 DEBUG faker.factory Provider `faker.providers.misc` has been localized to `en_US`.
2023-05-16 15:51:06 DEBUG faker.factory Looking for locale `en_US` in provider `faker.providers.person`.
2023-05-16 15:51:06 DEBUG faker.factory Provider `faker.providers.person` has been localized to `en_US`.
2023-05-16 15:51:06 DEBUG faker.factory Looking for locale `en_US` in provider `faker.providers.phone_number`.
2023-05-16 15:51:06 DEBUG faker.factory Provider `faker.providers.phone_number` has been localized to `en_US`.
2023-05-16 15:51:06 DEBUG faker.factory Provider `faker.providers.profile` does not feature localization. Specified locale `en_US` is not utilized for this provider.
2023-05-16 15:51:06 DEBUG faker.factory Provider `faker.providers.python` does not feature localization. Specified locale `en_US` is not utilized for this provider.
2023-05-16 15:51:06 DEBUG faker.factory Looking for locale `en_US` in provider `faker.providers.ssn`.
2023-05-16 15:51:06 DEBUG faker.factory Provider `faker.providers.ssn` has been localized to `en_US`.
2023-05-16 15:51:06 DEBUG faker.factory Provider `faker.providers.user_agent` does not feature localization. Specified locale `en_US` is not utilized for this provider.
2023-05-16 15:51:23 DEBUG backend Middleware registered
2023-05-16 15:51:23 DEBUG backend Database connection established
2023-05-16 15:51:23 DEBUG faker.factory Looking for locale `en_US` in provider `faker.providers.address`.
2023-05-16 15:51:23 DEBUG faker.factory Provider `faker.providers.address` has been localized to `en_US`.
2023-05-16 15:51:23 DEBUG faker.factory Looking for locale `en_US` in provider `faker.providers.automotive`.
2023-05-16 15:51:23 DEBUG faker.factory Provider `faker.providers.automotive` has been localized to `en_US`.
2023-05-16 15:51:23 DEBUG faker.factory Looking for locale `en_US` in provider `faker.providers.bank`.
2023-05-16 15:51:23 DEBUG faker.factory Specified locale `en_US` is not available for provider `faker.providers.bank`. Locale reset to `en_GB` for this provider.
2023-05-16 15:51:23 DEBUG faker.factory Looking for locale `en_US` in provider `faker.providers.barcode`.
2023-05-16 15:51:23 DEBUG faker.factory Provider `faker.providers.barcode` has been localized to `en_US`.
2023-05-16 15:51:23 DEBUG faker.factory Looking for locale `en_US` in provider `faker.providers.color`.
2023-05-16 15:51:23 DEBUG faker.factory Provider `faker.providers.color` has been localized to `en_US`.
2023-05-16 15:51:23 DEBUG faker.factory Looking for locale `en_US` in provider `faker.providers.company`.
2023-05-16 15:51:23 DEBUG faker.factory Provider `faker.providers.company` has been localized to `en_US`.
2023-05-16 15:51:23 DEBUG faker.factory Looking for locale `en_US` in provider `faker.providers.credit_card`.
2023-05-16 15:51:23 DEBUG faker.factory Provider `faker.providers.credit_card` has been localized to `en_US`.
2023-05-16 15:51:23 DEBUG faker.factory Looking for locale `en_US` in provider `faker.providers.currency`.
2023-05-16 15:51:23 DEBUG faker.factory Provider `faker.providers.currency` has been localized to `en_US`.
2023-05-16 15:51:23 DEBUG faker.factory Looking for locale `en_US` in provider `faker.providers.date_time`.
2023-05-16 15:51:23 DEBUG faker.factory Provider `faker.providers.date_time` has been localized to `en_US`.
2023-05-16 15:51:23 DEBUG faker.factory Provider `faker.providers.file` does not feature localization. Specified locale `en_US` is not utilized for this provider.
2023-05-16 15:51:23 DEBUG faker.factory Looking for locale `en_US` in provider `faker.providers.geo`.
2023-05-16 15:51:23 DEBUG faker.factory Provider `faker.providers.geo` has been localized to `en_US`.
2023-05-16 15:51:23 DEBUG faker.factory Looking for locale `en_US` in provider `faker.providers.internet`.
2023-05-16 15:51:23 DEBUG faker.factory Provider `faker.providers.internet` has been localized to `en_US`.
2023-05-16 15:51:23 DEBUG faker.factory Provider `faker.providers.isbn` does not feature localization. Specified locale `en_US` is not utilized for this provider.
2023-05-16 15:51:23 DEBUG faker.factory Looking for locale `en_US` in provider `faker.providers.job`.
2023-05-16 15:51:23 DEBUG faker.factory Provider `faker.providers.job` has been localized to `en_US`.
2023-05-16 15:51:23 DEBUG faker.factory Looking for locale `en_US` in provider `faker.providers.lorem`.
2023-05-16 15:51:23 DEBUG faker.factory Provider `faker.providers.lorem` has been localized to `en_US`.
2023-05-16 15:51:23 DEBUG faker.factory Looking for locale `en_US` in provider `faker.providers.misc`.
2023-05-16 15:51:23 DEBUG faker.factory Provider `faker.providers.misc` has been localized to `en_US`.
2023-05-16 15:51:23 DEBUG faker.factory Looking for locale `en_US` in provider `faker.providers.person`.
2023-05-16 15:51:23 DEBUG faker.factory Provider `faker.providers.person` has been localized to `en_US`.
2023-05-16 15:51:23 DEBUG faker.factory Looking for locale `en_US` in provider `faker.providers.phone_number`.
2023-05-16 15:51:23 DEBUG faker.factory Provider `faker.providers.phone_number` has been localized to `en_US`.
2023-05-16 15:51:23 DEBUG faker.factory Provider `faker.providers.profile` does not feature localization. Specified locale `en_US` is not utilized for this provider.
2023-05-16 15:51:23 DEBUG faker.factory Provider `faker.providers.python` does not feature localization. Specified locale `en_US` is not utilized for this provider.
2023-05-16 15:51:23 DEBUG faker.factory Looking for locale `en_US` in provider `faker.providers.ssn`.
2023-05-16 15:51:23 DEBUG faker.factory Provider `faker.providers.ssn` has been localized to `en_US`.
2023-05-16 15:51:23 DEBUG faker.factory Provider `faker.providers.user_agent` does not feature localization. Specified locale `en_US` is not utilized for this provider.
2023-05-16 15:51:52 DEBUG backend Middleware registered
2023-05-16 15:51:52 DEBUG backend Database connection established
2023-05-16 15:51:52 DEBUG faker.factory Looking for locale `en_US` in provider `faker.providers.address`.
2023-05-16 15:51:52 DEBUG faker.factory Provider `faker.providers.address` has been localized to `en_US`.
2023-05-16 15:51:52 DEBUG faker.factory Looking for locale `en_US` in provider `faker.providers.automotive`.
2023-05-16 15:51:52 DEBUG faker.factory Provider `faker.providers.automotive` has been localized to `en_US`.
2023-05-16 15:51:52 DEBUG faker.factory Looking for locale `en_US` in provider `faker.providers.bank`.
2023-05-16 15:51:52 DEBUG faker.factory Specified locale `en_US` is not available for provider `faker.providers.bank`. Locale reset to `en_GB` for this provider.
2023-05-16 15:51:52 DEBUG faker.factory Looking for locale `en_US` in provider `faker.providers.barcode`.
2023-05-16 15:51:52 DEBUG faker.factory Provider `faker.providers.barcode` has been localized to `en_US`.
2023-05-16 15:51:52 DEBUG faker.factory Looking for locale `en_US` in provider `faker.providers.color`.
2023-05-16 15:51:52 DEBUG faker.factory Provider `faker.providers.color` has been localized to `en_US`.
2023-05-16 15:51:52 DEBUG faker.factory Looking for locale `en_US` in provider `faker.providers.company`.
2023-05-16 15:51:52 DEBUG faker.factory Provider `faker.providers.company` has been localized to `en_US`.
2023-05-16 15:51:52 DEBUG faker.factory Looking for locale `en_US` in provider `faker.providers.credit_card`.
2023-05-16 15:51:52 DEBUG faker.factory Provider `faker.providers.credit_card` has been localized to `en_US`.
2023-05-16 15:51:52 DEBUG faker.factory Looking for locale `en_US` in provider `faker.providers.currency`.
2023-05-16 15:51:52 DEBUG faker.factory Provider `faker.providers.currency` has been localized to `en_US`.
2023-05-16 15:51:52 DEBUG faker.factory Looking for locale `en_US` in provider `faker.providers.date_time`.
2023-05-16 15:51:52 DEBUG faker.factory Provider `faker.providers.date_time` has been localized to `en_US`.
2023-05-16 15:51:52 DEBUG faker.factory Provider `faker.providers.file` does not feature localization. Specified locale `en_US` is not utilized for this provider.
2023-05-16 15:51:52 DEBUG faker.factory Looking for locale `en_US` in provider `faker.providers.geo`.
2023-05-16 15:51:52 DEBUG faker.factory Provider `faker.providers.geo` has been localized to `en_US`.
2023-05-16 15:51:52 DEBUG faker.factory Looking for locale `en_US` in provider `faker.providers.internet`.
2023-05-16 15:51:52 DEBUG faker.factory Provider `faker.providers.internet` has been localized to `en_US`.
2023-05-16 15:51:52 DEBUG faker.factory Provider `faker.providers.isbn` does not feature localization. Specified locale `en_US` is not utilized for this provider.
2023-05-16 15:51:52 DEBUG faker.factory Looking for locale `en_US` in provider `faker.providers.job`.
2023-05-16 15:51:52 DEBUG faker.factory Provider `faker.providers.job` has been localized to `en_US`.
2023-05-16 15:51:52 DEBUG faker.factory Looking for locale `en_US` in provider `faker.providers.lorem`.
2023-05-16 15:51:52 DEBUG faker.factory Provider `faker.providers.lorem` has been localized to `en_US`.
2023-05-16 15:51:52 DEBUG faker.factory Looking for locale `en_US` in provider `faker.providers.misc`.
2023-05-16 15:51:52 DEBUG faker.factory Provider `faker.providers.misc` has been localized to `en_US`.
2023-05-16 15:51:52 DEBUG faker.factory Looking for locale `en_US` in provider `faker.providers.person`.
2023-05-16 15:51:52 DEBUG faker.factory Provider `faker.providers.person` has been localized to `en_US`.
2023-05-16 15:51:52 DEBUG faker.factory Looking for locale `en_US` in provider `faker.providers.phone_number`.
2023-05-16 15:51:52 DEBUG faker.factory Provider `faker.providers.phone_number` has been localized to `en_US`.
2023-05-16 15:51:52 DEBUG faker.factory Provider `faker.providers.profile` does not feature localization. Specified locale `en_US` is not utilized for this provider.
2023-05-16 15:51:52 DEBUG faker.factory Provider `faker.providers.python` does not feature localization. Specified locale `en_US` is not utilized for this provider.
2023-05-16 15:51:52 DEBUG faker.factory Looking for locale `en_US` in provider `faker.providers.ssn`.
2023-05-16 15:51:53 DEBUG faker.factory Provider `faker.providers.ssn` has been localized to `en_US`.
2023-05-16 15:51:53 DEBUG faker.factory Provider `faker.providers.user_agent` does not feature localization. Specified locale `en_US` is not utilized for this provider.
2023-05-16 15:53:15 DEBUG backend Middleware registered
2023-05-16 15:53:15 DEBUG backend Database connection established
2023-05-16 15:53:15 DEBUG faker.factory Looking for locale `en_US` in provider `faker.providers.address`.
2023-05-16 15:53:15 DEBUG faker.factory Provider `faker.providers.address` has been localized to `en_US`.
2023-05-16 15:53:15 DEBUG faker.factory Looking for locale `en_US` in provider `faker.providers.automotive`.
2023-05-16 15:53:15 DEBUG faker.factory Provider `faker.providers.automotive` has been localized to `en_US`.
2023-05-16 15:53:15 DEBUG faker.factory Looking for locale `en_US` in provider `faker.providers.bank`.
2023-05-16 15:53:15 DEBUG faker.factory Specified locale `en_US` is not available for provider `faker.providers.bank`. Locale reset to `en_GB` for this provider.
2023-05-16 15:53:15 DEBUG faker.factory Looking for locale `en_US` in provider `faker.providers.barcode`.
2023-05-16 15:53:15 DEBUG faker.factory Provider `faker.providers.barcode` has been localized to `en_US`.
2023-05-16 15:53:15 DEBUG faker.factory Looking for locale `en_US` in provider `faker.providers.color`.
2023-05-16 15:53:15 DEBUG faker.factory Provider `faker.providers.color` has been localized to `en_US`.
2023-05-16 15:53:15 DEBUG faker.factory Looking for locale `en_US` in provider `faker.providers.company`.
2023-05-16 15:53:15 DEBUG faker.factory Provider `faker.providers.company` has been localized to `en_US`.
2023-05-16 15:53:15 DEBUG faker.factory Looking for locale `en_US` in provider `faker.providers.credit_card`.
2023-05-16 15:53:15 DEBUG faker.factory Provider `faker.providers.credit_card` has been localized to `en_US`.
2023-05-16 15:53:15 DEBUG faker.factory Looking for locale `en_US` in provider `faker.providers.currency`.
2023-05-16 15:53:15 DEBUG faker.factory Provider `faker.providers.currency` has been localized to `en_US`.
2023-05-16 15:53:15 DEBUG faker.factory Looking for locale `en_US` in provider `faker.providers.date_time`.
2023-05-16 15:53:15 DEBUG faker.factory Provider `faker.providers.date_time` has been localized to `en_US`.
2023-05-16 15:53:15 DEBUG faker.factory Provider `faker.providers.file` does not feature localization. Specified locale `en_US` is not utilized for this provider.
2023-05-16 15:53:15 DEBUG faker.factory Looking for locale `en_US` in provider `faker.providers.geo`.
2023-05-16 15:53:15 DEBUG faker.factory Provider `faker.providers.geo` has been localized to `en_US`.
2023-05-16 15:53:15 DEBUG faker.factory Looking for locale `en_US` in provider `faker.providers.internet`.
2023-05-16 15:53:15 DEBUG faker.factory Provider `faker.providers.internet` has been localized to `en_US`.
2023-05-16 15:53:15 DEBUG faker.factory Provider `faker.providers.isbn` does not feature localization. Specified locale `en_US` is not utilized for this provider.
2023-05-16 15:53:15 DEBUG faker.factory Looking for locale `en_US` in provider `faker.providers.job`.
2023-05-16 15:53:15 DEBUG faker.factory Provider `faker.providers.job` has been localized to `en_US`.
2023-05-16 15:53:15 DEBUG faker.factory Looking for locale `en_US` in provider `faker.providers.lorem`.
2023-05-16 15:53:15 DEBUG faker.factory Provider `faker.providers.lorem` has been localized to `en_US`.
2023-05-16 15:53:15 DEBUG faker.factory Looking for locale `en_US` in provider `faker.providers.misc`.
2023-05-16 15:53:15 DEBUG faker.factory Provider `faker.providers.misc` has been localized to `en_US`.
2023-05-16 15:53:15 DEBUG faker.factory Looking for locale `en_US` in provider `faker.providers.person`.
2023-05-16 15:53:15 DEBUG faker.factory Provider `faker.providers.person` has been localized to `en_US`.
2023-05-16 15:53:15 DEBUG faker.factory Looking for locale `en_US` in provider `faker.providers.phone_number`.
2023-05-16 15:53:15 DEBUG faker.factory Provider `faker.providers.phone_number` has been localized to `en_US`.
2023-05-16 15:53:15 DEBUG faker.factory Provider `faker.providers.profile` does not feature localization. Specified locale `en_US` is not utilized for this provider.
2023-05-16 15:53:15 DEBUG faker.factory Provider `faker.providers.python` does not feature localization. Specified locale `en_US` is not utilized for this provider.
2023-05-16 15:53:15 DEBUG faker.factory Looking for locale `en_US` in provider `faker.providers.ssn`.
2023-05-16 15:53:15 DEBUG faker.factory Provider `faker.providers.ssn` has been localized to `en_US`.
2023-05-16 15:53:15 DEBUG faker.factory Provider `faker.providers.user_agent` does not feature localization. Specified locale `en_US` is not utilized for this provider.
2023-05-16 15:53:46 DEBUG backend Middleware registered
2023-05-16 15:53:46 DEBUG backend Database connection established
2023-05-16 15:53:46 DEBUG faker.factory Looking for locale `en_US` in provider `faker.providers.address`.
2023-05-16 15:53:46 DEBUG faker.factory Provider `faker.providers.address` has been localized to `en_US`.
2023-05-16 15:53:46 DEBUG faker.factory Looking for locale `en_US` in provider `faker.providers.automotive`.
2023-05-16 15:53:47 DEBUG faker.factory Provider `faker.providers.automotive` has been localized to `en_US`.
2023-05-16 15:53:47 DEBUG faker.factory Looking for locale `en_US` in provider `faker.providers.bank`.
2023-05-16 15:53:47 DEBUG faker.factory Specified locale `en_US` is not available for provider `faker.providers.bank`. Locale reset to `en_GB` for this provider.
2023-05-16 15:53:47 DEBUG faker.factory Looking for locale `en_US` in provider `faker.providers.barcode`.
2023-05-16 15:53:47 DEBUG faker.factory Provider `faker.providers.barcode` has been localized to `en_US`.
2023-05-16 15:53:47 DEBUG faker.factory Looking for locale `en_US` in provider `faker.providers.color`.
2023-05-16 15:53:47 DEBUG faker.factory Provider `faker.providers.color` has been localized to `en_US`.
2023-05-16 15:53:47 DEBUG faker.factory Looking for locale `en_US` in provider `faker.providers.company`.
2023-05-16 15:53:47 DEBUG faker.factory Provider `faker.providers.company` has been localized to `en_US`.
2023-05-16 15:53:47 DEBUG faker.factory Looking for locale `en_US` in provider `faker.providers.credit_card`.
2023-05-16 15:53:47 DEBUG faker.factory Provider `faker.providers.credit_card` has been localized to `en_US`.
2023-05-16 15:53:47 DEBUG faker.factory Looking for locale `en_US` in provider `faker.providers.currency`.
2023-05-16 15:53:47 DEBUG faker.factory Provider `faker.providers.currency` has been localized to `en_US`.
2023-05-16 15:53:47 DEBUG faker.factory Looking for locale `en_US` in provider `faker.providers.date_time`.
2023-05-16 15:53:47 DEBUG faker.factory Provider `faker.providers.date_time` has been localized to `en_US`.
2023-05-16 15:53:47 DEBUG faker.factory Provider `faker.providers.file` does not feature localization. Specified locale `en_US` is not utilized for this provider.
2023-05-16 15:53:47 DEBUG faker.factory Looking for locale `en_US` in provider `faker.providers.geo`.
2023-05-16 15:53:47 DEBUG faker.factory Provider `faker.providers.geo` has been localized to `en_US`.
2023-05-16 15:53:47 DEBUG faker.factory Looking for locale `en_US` in provider `faker.providers.internet`.
2023-05-16 15:53:47 DEBUG faker.factory Provider `faker.providers.internet` has been localized to `en_US`.
2023-05-16 15:53:47 DEBUG faker.factory Provider `faker.providers.isbn` does not feature localization. Specified locale `en_US` is not utilized for this provider.
2023-05-16 15:53:47 DEBUG faker.factory Looking for locale `en_US` in provider `faker.providers.job`.
2023-05-16 15:53:47 DEBUG faker.factory Provider `faker.providers.job` has been localized to `en_US`.
2023-05-16 15:53:47 DEBUG faker.factory Looking for locale `en_US` in provider `faker.providers.lorem`.
2023-05-16 15:53:47 DEBUG faker.factory Provider `faker.providers.lorem` has been localized to `en_US`.
2023-05-16 15:53:47 DEBUG faker.factory Looking for locale `en_US` in provider `faker.providers.misc`.
2023-05-16 15:53:47 DEBUG faker.factory Provider `faker.providers.misc` has been localized to `en_US`.
2023-05-16 15:53:47 DEBUG faker.factory Looking for locale `en_US` in provider `faker.providers.person`.
2023-05-16 15:53:47 DEBUG faker.factory Provider `faker.providers.person` has been localized to `en_US`.
2023-05-16 15:53:47 DEBUG faker.factory Looking for locale `en_US` in provider `faker.providers.phone_number`.
2023-05-16 15:53:47 DEBUG faker.factory Provider `faker.providers.phone_number` has been localized to `en_US`.
2023-05-16 15:53:47 DEBUG faker.factory Provider `faker.providers.profile` does not feature localization. Specified locale `en_US` is not utilized for this provider.
2023-05-16 15:53:47 DEBUG faker.factory Provider `faker.providers.python` does not feature localization. Specified locale `en_US` is not utilized for this provider.
2023-05-16 15:53:47 DEBUG faker.factory Looking for locale `en_US` in provider `faker.providers.ssn`.
2023-05-16 15:53:47 DEBUG faker.factory Provider `faker.providers.ssn` has been localized to `en_US`.
2023-05-16 15:53:47 DEBUG faker.factory Provider `faker.providers.user_agent` does not feature localization. Specified locale `en_US` is not utilized for this provider.
2023-05-16 15:54:08 DEBUG backend Middleware registered
2023-05-16 15:54:08 DEBUG backend Database connection established
2023-05-16 15:54:08 DEBUG faker.factory Looking for locale `en_US` in provider `faker.providers.address`.
2023-05-16 15:54:08 DEBUG faker.factory Provider `faker.providers.address` has been localized to `en_US`.
2023-05-16 15:54:08 DEBUG faker.factory Looking for locale `en_US` in provider `faker.providers.automotive`.
2023-05-16 15:54:08 DEBUG faker.factory Provider `faker.providers.automotive` has been localized to `en_US`.
2023-05-16 15:54:08 DEBUG faker.factory Looking for locale `en_US` in provider `faker.providers.bank`.
2023-05-16 15:54:08 DEBUG faker.factory Specified locale `en_US` is not available for provider `faker.providers.bank`. Locale reset to `en_GB` for this provider.
2023-05-16 15:54:08 DEBUG faker.factory Looking for locale `en_US` in provider `faker.providers.barcode`.
2023-05-16 15:54:08 DEBUG faker.factory Provider `faker.providers.barcode` has been localized to `en_US`.
2023-05-16 15:54:08 DEBUG faker.factory Looking for locale `en_US` in provider `faker.providers.color`.
2023-05-16 15:54:08 DEBUG faker.factory Provider `faker.providers.color` has been localized to `en_US`.
2023-05-16 15:54:08 DEBUG faker.factory Looking for locale `en_US` in provider `faker.providers.company`.
2023-05-16 15:54:08 DEBUG faker.factory Provider `faker.providers.company` has been localized to `en_US`.
2023-05-16 15:54:08 DEBUG faker.factory Looking for locale `en_US` in provider `faker.providers.credit_card`.
2023-05-16 15:54:08 DEBUG faker.factory Provider `faker.providers.credit_card` has been localized to `en_US`.
2023-05-16 15:54:08 DEBUG faker.factory Looking for locale `en_US` in provider `faker.providers.currency`.
2023-05-16 15:54:08 DEBUG faker.factory Provider `faker.providers.currency` has been localized to `en_US`.
2023-05-16 15:54:08 DEBUG faker.factory Looking for locale `en_US` in provider `faker.providers.date_time`.
2023-05-16 15:54:08 DEBUG faker.factory Provider `faker.providers.date_time` has been localized to `en_US`.
2023-05-16 15:54:08 DEBUG faker.factory Provider `faker.providers.file` does not feature localization. Specified locale `en_US` is not utilized for this provider.
2023-05-16 15:54:08 DEBUG faker.factory Looking for locale `en_US` in provider `faker.providers.geo`.
2023-05-16 15:54:08 DEBUG faker.factory Provider `faker.providers.geo` has been localized to `en_US`.
2023-05-16 15:54:08 DEBUG faker.factory Looking for locale `en_US` in provider `faker.providers.internet`.
2023-05-16 15:54:08 DEBUG faker.factory Provider `faker.providers.internet` has been localized to `en_US`.
2023-05-16 15:54:08 DEBUG faker.factory Provider `faker.providers.isbn` does not feature localization. Specified locale `en_US` is not utilized for this provider.
2023-05-16 15:54:08 DEBUG faker.factory Looking for locale `en_US` in provider `faker.providers.job`.
2023-05-16 15:54:08 DEBUG faker.factory Provider `faker.providers.job` has been localized to `en_US`.
2023-05-16 15:54:08 DEBUG faker.factory Looking for locale `en_US` in provider `faker.providers.lorem`.
2023-05-16 15:54:08 DEBUG faker.factory Provider `faker.providers.lorem` has been localized to `en_US`.
2023-05-16 15:54:08 DEBUG faker.factory Looking for locale `en_US` in provider `faker.providers.misc`.
2023-05-16 15:54:08 DEBUG faker.factory Provider `faker.providers.misc` has been localized to `en_US`.
2023-05-16 15:54:08 DEBUG faker.factory Looking for locale `en_US` in provider `faker.providers.person`.
2023-05-16 15:54:08 DEBUG faker.factory Provider `faker.providers.person` has been localized to `en_US`.
2023-05-16 15:54:08 DEBUG faker.factory Looking for locale `en_US` in provider `faker.providers.phone_number`.
2023-05-16 15:54:08 DEBUG faker.factory Provider `faker.providers.phone_number` has been localized to `en_US`.
2023-05-16 15:54:08 DEBUG faker.factory Provider `faker.providers.profile` does not feature localization. Specified locale `en_US` is not utilized for this provider.
2023-05-16 15:54:08 DEBUG faker.factory Provider `faker.providers.python` does not feature localization. Specified locale `en_US` is not utilized for this provider.
2023-05-16 15:54:08 DEBUG faker.factory Looking for locale `en_US` in provider `faker.providers.ssn`.
2023-05-16 15:54:08 DEBUG faker.factory Provider `faker.providers.ssn` has been localized to `en_US`.
2023-05-16 15:54:08 DEBUG faker.factory Provider `faker.providers.user_agent` does not feature localization. Specified locale `en_US` is not utilized for this provider.
2023-05-16 15:56:43 DEBUG backend Middleware registered
2023-05-16 15:56:43 DEBUG backend Database connection established
2023-05-16 15:56:43 DEBUG faker.factory Looking for locale `en_US` in provider `faker.providers.address`.
2023-05-16 15:56:43 DEBUG faker.factory Provider `faker.providers.address` has been localized to `en_US`.
2023-05-16 15:56:43 DEBUG faker.factory Looking for locale `en_US` in provider `faker.providers.automotive`.
2023-05-16 15:56:43 DEBUG faker.factory Provider `faker.providers.automotive` has been localized to `en_US`.
2023-05-16 15:56:43 DEBUG faker.factory Looking for locale `en_US` in provider `faker.providers.bank`.
2023-05-16 15:56:43 DEBUG faker.factory Specified locale `en_US` is not available for provider `faker.providers.bank`. Locale reset to `en_GB` for this provider.
2023-05-16 15:56:43 DEBUG faker.factory Looking for locale `en_US` in provider `faker.providers.barcode`.
2023-05-16 15:56:43 DEBUG faker.factory Provider `faker.providers.barcode` has been localized to `en_US`.
2023-05-16 15:56:43 DEBUG faker.factory Looking for locale `en_US` in provider `faker.providers.color`.
2023-05-16 15:56:43 DEBUG faker.factory Provider `faker.providers.color` has been localized to `en_US`.
2023-05-16 15:56:43 DEBUG faker.factory Looking for locale `en_US` in provider `faker.providers.company`.
2023-05-16 15:56:43 DEBUG faker.factory Provider `faker.providers.company` has been localized to `en_US`.
2023-05-16 15:56:43 DEBUG faker.factory Looking for locale `en_US` in provider `faker.providers.credit_card`.
2023-05-16 15:56:43 DEBUG faker.factory Provider `faker.providers.credit_card` has been localized to `en_US`.
2023-05-16 15:56:43 DEBUG faker.factory Looking for locale `en_US` in provider `faker.providers.currency`.
2023-05-16 15:56:43 DEBUG faker.factory Provider `faker.providers.currency` has been localized to `en_US`.
2023-05-16 15:56:43 DEBUG faker.factory Looking for locale `en_US` in provider `faker.providers.date_time`.
2023-05-16 15:56:43 DEBUG faker.factory Provider `faker.providers.date_time` has been localized to `en_US`.
2023-05-16 15:56:43 DEBUG faker.factory Provider `faker.providers.file` does not feature localization. Specified locale `en_US` is not utilized for this provider.
2023-05-16 15:56:43 DEBUG faker.factory Looking for locale `en_US` in provider `faker.providers.geo`.
2023-05-16 15:56:43 DEBUG faker.factory Provider `faker.providers.geo` has been localized to `en_US`.
2023-05-16 15:56:43 DEBUG faker.factory Looking for locale `en_US` in provider `faker.providers.internet`.
2023-05-16 15:56:43 DEBUG faker.factory Provider `faker.providers.internet` has been localized to `en_US`.
2023-05-16 15:56:43 DEBUG faker.factory Provider `faker.providers.isbn` does not feature localization. Specified locale `en_US` is not utilized for this provider.
2023-05-16 15:56:43 DEBUG faker.factory Looking for locale `en_US` in provider `faker.providers.job`.
2023-05-16 15:56:43 DEBUG faker.factory Provider `faker.providers.job` has been localized to `en_US`.
2023-05-16 15:56:43 DEBUG faker.factory Looking for locale `en_US` in provider `faker.providers.lorem`.
2023-05-16 15:56:43 DEBUG faker.factory Provider `faker.providers.lorem` has been localized to `en_US`.
2023-05-16 15:56:43 DEBUG faker.factory Looking for locale `en_US` in provider `faker.providers.misc`.
2023-05-16 15:56:43 DEBUG faker.factory Provider `faker.providers.misc` has been localized to `en_US`.
2023-05-16 15:56:43 DEBUG faker.factory Looking for locale `en_US` in provider `faker.providers.person`.
2023-05-16 15:56:43 DEBUG faker.factory Provider `faker.providers.person` has been localized to `en_US`.
2023-05-16 15:56:43 DEBUG faker.factory Looking for locale `en_US` in provider `faker.providers.phone_number`.
2023-05-16 15:56:43 DEBUG faker.factory Provider `faker.providers.phone_number` has been localized to `en_US`.
2023-05-16 15:56:43 DEBUG faker.factory Provider `faker.providers.profile` does not feature localization. Specified locale `en_US` is not utilized for this provider.
2023-05-16 15:56:43 DEBUG faker.factory Provider `faker.providers.python` does not feature localization. Specified locale `en_US` is not utilized for this provider.
2023-05-16 15:56:43 DEBUG faker.factory Looking for locale `en_US` in provider `faker.providers.ssn`.
2023-05-16 15:56:43 DEBUG faker.factory Provider `faker.providers.ssn` has been localized to `en_US`.
2023-05-16 15:56:43 DEBUG faker.factory Provider `faker.providers.user_agent` does not feature localization. Specified locale `en_US` is not utilized for this provider.
2023-05-16 15:57:35 DEBUG backend Middleware registered
2023-05-16 15:57:35 DEBUG backend Database connection established
2023-05-16 15:57:35 DEBUG faker.factory Looking for locale `en_US` in provider `faker.providers.address`.
2023-05-16 15:57:35 DEBUG faker.factory Provider `faker.providers.address` has been localized to `en_US`.
2023-05-16 15:57:35 DEBUG faker.factory Looking for locale `en_US` in provider `faker.providers.automotive`.
2023-05-16 15:57:35 DEBUG faker.factory Provider `faker.providers.automotive` has been localized to `en_US`.
2023-05-16 15:57:35 DEBUG faker.factory Looking for locale `en_US` in provider `faker.providers.bank`.
2023-05-16 15:57:35 DEBUG faker.factory Specified locale `en_US` is not available for provider `faker.providers.bank`. Locale reset to `en_GB` for this provider.
2023-05-16 15:57:35 DEBUG faker.factory Looking for locale `en_US` in provider `faker.providers.barcode`.
2023-05-16 15:57:35 DEBUG faker.factory Provider `faker.providers.barcode` has been localized to `en_US`.
2023-05-16 15:57:35 DEBUG faker.factory Looking for locale `en_US` in provider `faker.providers.color`.
2023-05-16 15:57:35 DEBUG faker.factory Provider `faker.providers.color` has been localized to `en_US`.
2023-05-16 15:57:35 DEBUG faker.factory Looking for locale `en_US` in provider `faker.providers.company`.
2023-05-16 15:57:35 DEBUG faker.factory Provider `faker.providers.company` has been localized to `en_US`.
2023-05-16 15:57:35 DEBUG faker.factory Looking for locale `en_US` in provider `faker.providers.credit_card`.
2023-05-16 15:57:35 DEBUG faker.factory Provider `faker.providers.credit_card` has been localized to `en_US`.
2023-05-16 15:57:35 DEBUG faker.factory Looking for locale `en_US` in provider `faker.providers.currency`.
2023-05-16 15:57:35 DEBUG faker.factory Provider `faker.providers.currency` has been localized to `en_US`.
2023-05-16 15:57:35 DEBUG faker.factory Looking for locale `en_US` in provider `faker.providers.date_time`.
2023-05-16 15:57:35 DEBUG faker.factory Provider `faker.providers.date_time` has been localized to `en_US`.
2023-05-16 15:57:35 DEBUG faker.factory Provider `faker.providers.file` does not feature localization. Specified locale `en_US` is not utilized for this provider.
2023-05-16 15:57:35 DEBUG faker.factory Looking for locale `en_US` in provider `faker.providers.geo`.
2023-05-16 15:57:35 DEBUG faker.factory Provider `faker.providers.geo` has been localized to `en_US`.
2023-05-16 15:57:35 DEBUG faker.factory Looking for locale `en_US` in provider `faker.providers.internet`.
2023-05-16 15:57:35 DEBUG faker.factory Provider `faker.providers.internet` has been localized to `en_US`.
2023-05-16 15:57:35 DEBUG faker.factory Provider `faker.providers.isbn` does not feature localization. Specified locale `en_US` is not utilized for this provider.
2023-05-16 15:57:35 DEBUG faker.factory Looking for locale `en_US` in provider `faker.providers.job`.
2023-05-16 15:57:35 DEBUG faker.factory Provider `faker.providers.job` has been localized to `en_US`.
2023-05-16 15:57:35 DEBUG faker.factory Looking for locale `en_US` in provider `faker.providers.lorem`.
2023-05-16 15:57:35 DEBUG faker.factory Provider `faker.providers.lorem` has been localized to `en_US`.
2023-05-16 15:57:35 DEBUG faker.factory Looking for locale `en_US` in provider `faker.providers.misc`.
2023-05-16 15:57:35 DEBUG faker.factory Provider `faker.providers.misc` has been localized to `en_US`.
2023-05-16 15:57:35 DEBUG faker.factory Looking for locale `en_US` in provider `faker.providers.person`.
2023-05-16 15:57:35 DEBUG faker.factory Provider `faker.providers.person` has been localized to `en_US`.
2023-05-16 15:57:35 DEBUG faker.factory Looking for locale `en_US` in provider `faker.providers.phone_number`.
2023-05-16 15:57:35 DEBUG faker.factory Provider `faker.providers.phone_number` has been localized to `en_US`.
2023-05-16 15:57:35 DEBUG faker.factory Provider `faker.providers.profile` does not feature localization. Specified locale `en_US` is not utilized for this provider.
2023-05-16 15:57:35 DEBUG faker.factory Provider `faker.providers.python` does not feature localization. Specified locale `en_US` is not utilized for this provider.
2023-05-16 15:57:35 DEBUG faker.factory Looking for locale `en_US` in provider `faker.providers.ssn`.
2023-05-16 15:57:35 DEBUG faker.factory Provider `faker.providers.ssn` has been localized to `en_US`.
2023-05-16 15:57:35 DEBUG faker.factory Provider `faker.providers.user_agent` does not feature localization. Specified locale `en_US` is not utilized for this provider.
2023-05-16 15:57:58 DEBUG backend Middleware registered
2023-05-16 15:57:58 DEBUG backend Database connection established
2023-05-16 15:57:58 DEBUG faker.factory Looking for locale `en_US` in provider `faker.providers.address`.
2023-05-16 15:57:58 DEBUG faker.factory Provider `faker.providers.address` has been localized to `en_US`.
2023-05-16 15:57:58 DEBUG faker.factory Looking for locale `en_US` in provider `faker.providers.automotive`.
2023-05-16 15:57:58 DEBUG faker.factory Provider `faker.providers.automotive` has been localized to `en_US`.
2023-05-16 15:57:58 DEBUG faker.factory Looking for locale `en_US` in provider `faker.providers.bank`.
2023-05-16 15:57:58 DEBUG faker.factory Specified locale `en_US` is not available for provider `faker.providers.bank`. Locale reset to `en_GB` for this provider.
2023-05-16 15:57:58 DEBUG faker.factory Looking for locale `en_US` in provider `faker.providers.barcode`.
2023-05-16 15:57:58 DEBUG faker.factory Provider `faker.providers.barcode` has been localized to `en_US`.
2023-05-16 15:57:58 DEBUG faker.factory Looking for locale `en_US` in provider `faker.providers.color`.
2023-05-16 15:57:58 DEBUG faker.factory Provider `faker.providers.color` has been localized to `en_US`.
2023-05-16 15:57:58 DEBUG faker.factory Looking for locale `en_US` in provider `faker.providers.company`.
2023-05-16 15:57:58 DEBUG faker.factory Provider `faker.providers.company` has been localized to `en_US`.
2023-05-16 15:57:58 DEBUG faker.factory Looking for locale `en_US` in provider `faker.providers.credit_card`.
2023-05-16 15:57:58 DEBUG faker.factory Provider `faker.providers.credit_card` has been localized to `en_US`.
2023-05-16 15:57:58 DEBUG faker.factory Looking for locale `en_US` in provider `faker.providers.currency`.
2023-05-16 15:57:58 DEBUG faker.factory Provider `faker.providers.currency` has been localized to `en_US`.
2023-05-16 15:57:58 DEBUG faker.factory Looking for locale `en_US` in provider `faker.providers.date_time`.
2023-05-16 15:57:58 DEBUG faker.factory Provider `faker.providers.date_time` has been localized to `en_US`.
2023-05-16 15:57:58 DEBUG faker.factory Provider `faker.providers.file` does not feature localization. Specified locale `en_US` is not utilized for this provider.
2023-05-16 15:57:58 DEBUG faker.factory Looking for locale `en_US` in provider `faker.providers.geo`.
2023-05-16 15:57:58 DEBUG faker.factory Provider `faker.providers.geo` has been localized to `en_US`.
2023-05-16 15:57:58 DEBUG faker.factory Looking for locale `en_US` in provider `faker.providers.internet`.
2023-05-16 15:57:58 DEBUG faker.factory Provider `faker.providers.internet` has been localized to `en_US`.
2023-05-16 15:57:58 DEBUG faker.factory Provider `faker.providers.isbn` does not feature localization. Specified locale `en_US` is not utilized for this provider.
2023-05-16 15:57:58 DEBUG faker.factory Looking for locale `en_US` in provider `faker.providers.job`.
2023-05-16 15:57:58 DEBUG faker.factory Provider `faker.providers.job` has been localized to `en_US`.
2023-05-16 15:57:58 DEBUG faker.factory Looking for locale `en_US` in provider `faker.providers.lorem`.
2023-05-16 15:57:58 DEBUG faker.factory Provider `faker.providers.lorem` has been localized to `en_US`.
2023-05-16 15:57:58 DEBUG faker.factory Looking for locale `en_US` in provider `faker.providers.misc`.
2023-05-16 15:57:58 DEBUG faker.factory Provider `faker.providers.misc` has been localized to `en_US`.
2023-05-16 15:57:58 DEBUG faker.factory Looking for locale `en_US` in provider `faker.providers.person`.
2023-05-16 15:57:58 DEBUG faker.factory Provider `faker.providers.person` has been localized to `en_US`.
2023-05-16 15:57:58 DEBUG faker.factory Looking for locale `en_US` in provider `faker.providers.phone_number`.
2023-05-16 15:57:58 DEBUG faker.factory Provider `faker.providers.phone_number` has been localized to `en_US`.
2023-05-16 15:57:58 DEBUG faker.factory Provider `faker.providers.profile` does not feature localization. Specified locale `en_US` is not utilized for this provider.
2023-05-16 15:57:58 DEBUG faker.factory Provider `faker.providers.python` does not feature localization. Specified locale `en_US` is not utilized for this provider.
2023-05-16 15:57:58 DEBUG faker.factory Looking for locale `en_US` in provider `faker.providers.ssn`.
2023-05-16 15:57:58 DEBUG faker.factory Provider `faker.providers.ssn` has been localized to `en_US`.
2023-05-16 15:57:58 DEBUG faker.factory Provider `faker.providers.user_agent` does not feature localization. Specified locale `en_US` is not utilized for this provider.
2023-05-16 15:59:20 DEBUG backend Middleware registered
2023-05-16 15:59:20 DEBUG backend Database connection established
2023-05-16 15:59:20 DEBUG faker.factory Looking for locale `en_US` in provider `faker.providers.address`.
2023-05-16 15:59:20 DEBUG faker.factory Provider `faker.providers.address` has been localized to `en_US`.
2023-05-16 15:59:20 DEBUG faker.factory Looking for locale `en_US` in provider `faker.providers.automotive`.
2023-05-16 15:59:20 DEBUG faker.factory Provider `faker.providers.automotive` has been localized to `en_US`.
2023-05-16 15:59:20 DEBUG faker.factory Looking for locale `en_US` in provider `faker.providers.bank`.
2023-05-16 15:59:20 DEBUG faker.factory Specified locale `en_US` is not available for provider `faker.providers.bank`. Locale reset to `en_GB` for this provider.
2023-05-16 15:59:20 DEBUG faker.factory Looking for locale `en_US` in provider `faker.providers.barcode`.
2023-05-16 15:59:20 DEBUG faker.factory Provider `faker.providers.barcode` has been localized to `en_US`.
2023-05-16 15:59:20 DEBUG faker.factory Looking for locale `en_US` in provider `faker.providers.color`.
2023-05-16 15:59:20 DEBUG faker.factory Provider `faker.providers.color` has been localized to `en_US`.
2023-05-16 15:59:20 DEBUG faker.factory Looking for locale `en_US` in provider `faker.providers.company`.
2023-05-16 15:59:20 DEBUG faker.factory Provider `faker.providers.company` has been localized to `en_US`.
2023-05-16 15:59:20 DEBUG faker.factory Looking for locale `en_US` in provider `faker.providers.credit_card`.
2023-05-16 15:59:20 DEBUG faker.factory Provider `faker.providers.credit_card` has been localized to `en_US`.
2023-05-16 15:59:20 DEBUG faker.factory Looking for locale `en_US` in provider `faker.providers.currency`.
2023-05-16 15:59:20 DEBUG faker.factory Provider `faker.providers.currency` has been localized to `en_US`.
2023-05-16 15:59:20 DEBUG faker.factory Looking for locale `en_US` in provider `faker.providers.date_time`.
2023-05-16 15:59:20 DEBUG faker.factory Provider `faker.providers.date_time` has been localized to `en_US`.
2023-05-16 15:59:20 DEBUG faker.factory Provider `faker.providers.file` does not feature localization. Specified locale `en_US` is not utilized for this provider.
2023-05-16 15:59:20 DEBUG faker.factory Looking for locale `en_US` in provider `faker.providers.geo`.
2023-05-16 15:59:20 DEBUG faker.factory Provider `faker.providers.geo` has been localized to `en_US`.
2023-05-16 15:59:20 DEBUG faker.factory Looking for locale `en_US` in provider `faker.providers.internet`.
2023-05-16 15:59:20 DEBUG faker.factory Provider `faker.providers.internet` has been localized to `en_US`.
2023-05-16 15:59:20 DEBUG faker.factory Provider `faker.providers.isbn` does not feature localization. Specified locale `en_US` is not utilized for this provider.
2023-05-16 15:59:20 DEBUG faker.factory Looking for locale `en_US` in provider `faker.providers.job`.
2023-05-16 15:59:20 DEBUG faker.factory Provider `faker.providers.job` has been localized to `en_US`.
2023-05-16 15:59:20 DEBUG faker.factory Looking for locale `en_US` in provider `faker.providers.lorem`.
2023-05-16 15:59:20 DEBUG faker.factory Provider `faker.providers.lorem` has been localized to `en_US`.
2023-05-16 15:59:20 DEBUG faker.factory Looking for locale `en_US` in provider `faker.providers.misc`.
2023-05-16 15:59:20 DEBUG faker.factory Provider `faker.providers.misc` has been localized to `en_US`.
2023-05-16 15:59:20 DEBUG faker.factory Looking for locale `en_US` in provider `faker.providers.person`.
2023-05-16 15:59:20 DEBUG faker.factory Provider `faker.providers.person` has been localized to `en_US`.
2023-05-16 15:59:20 DEBUG faker.factory Looking for locale `en_US` in provider `faker.providers.phone_number`.
2023-05-16 15:59:20 DEBUG faker.factory Provider `faker.providers.phone_number` has been localized to `en_US`.
2023-05-16 15:59:20 DEBUG faker.factory Provider `faker.providers.profile` does not feature localization. Specified locale `en_US` is not utilized for this provider.
2023-05-16 15:59:20 DEBUG faker.factory Provider `faker.providers.python` does not feature localization. Specified locale `en_US` is not utilized for this provider.
2023-05-16 15:59:20 DEBUG faker.factory Looking for locale `en_US` in provider `faker.providers.ssn`.
2023-05-16 15:59:20 DEBUG faker.factory Provider `faker.providers.ssn` has been localized to `en_US`.
2023-05-16 15:59:20 DEBUG faker.factory Provider `faker.providers.user_agent` does not feature localization. Specified locale `en_US` is not utilized for this provider.
2023-05-16 16:00:00 DEBUG backend Middleware registered
2023-05-16 16:00:00 DEBUG backend Database connection established
2023-05-16 16:00:00 DEBUG faker.factory Looking for locale `en_US` in provider `faker.providers.address`.
2023-05-16 16:00:00 DEBUG faker.factory Provider `faker.providers.address` has been localized to `en_US`.
2023-05-16 16:00:00 DEBUG faker.factory Looking for locale `en_US` in provider `faker.providers.automotive`.
2023-05-16 16:00:00 DEBUG faker.factory Provider `faker.providers.automotive` has been localized to `en_US`.
2023-05-16 16:00:00 DEBUG faker.factory Looking for locale `en_US` in provider `faker.providers.bank`.
2023-05-16 16:00:00 DEBUG faker.factory Specified locale `en_US` is not available for provider `faker.providers.bank`. Locale reset to `en_GB` for this provider.
2023-05-16 16:00:00 DEBUG faker.factory Looking for locale `en_US` in provider `faker.providers.barcode`.
2023-05-16 16:00:00 DEBUG faker.factory Provider `faker.providers.barcode` has been localized to `en_US`.
2023-05-16 16:00:00 DEBUG faker.factory Looking for locale `en_US` in provider `faker.providers.color`.
2023-05-16 16:00:00 DEBUG faker.factory Provider `faker.providers.color` has been localized to `en_US`.
2023-05-16 16:00:00 DEBUG faker.factory Looking for locale `en_US` in provider `faker.providers.company`.
2023-05-16 16:00:00 DEBUG faker.factory Provider `faker.providers.company` has been localized to `en_US`.
2023-05-16 16:00:00 DEBUG faker.factory Looking for locale `en_US` in provider `faker.providers.credit_card`.
2023-05-16 16:00:00 DEBUG faker.factory Provider `faker.providers.credit_card` has been localized to `en_US`.
2023-05-16 16:00:00 DEBUG faker.factory Looking for locale `en_US` in provider `faker.providers.currency`.
2023-05-16 16:00:00 DEBUG faker.factory Provider `faker.providers.currency` has been localized to `en_US`.
2023-05-16 16:00:00 DEBUG faker.factory Looking for locale `en_US` in provider `faker.providers.date_time`.
2023-05-16 16:00:00 DEBUG faker.factory Provider `faker.providers.date_time` has been localized to `en_US`.
2023-05-16 16:00:00 DEBUG faker.factory Provider `faker.providers.file` does not feature localization. Specified locale `en_US` is not utilized for this provider.
2023-05-16 16:00:00 DEBUG faker.factory Looking for locale `en_US` in provider `faker.providers.geo`.
2023-05-16 16:00:00 DEBUG faker.factory Provider `faker.providers.geo` has been localized to `en_US`.
2023-05-16 16:00:00 DEBUG faker.factory Looking for locale `en_US` in provider `faker.providers.internet`.
2023-05-16 16:00:00 DEBUG faker.factory Provider `faker.providers.internet` has been localized to `en_US`.
2023-05-16 16:00:00 DEBUG faker.factory Provider `faker.providers.isbn` does not feature localization. Specified locale `en_US` is not utilized for this provider.
2023-05-16 16:00:00 DEBUG faker.factory Looking for locale `en_US` in provider `faker.providers.job`.
2023-05-16 16:00:00 DEBUG faker.factory Provider `faker.providers.job` has been localized to `en_US`.
2023-05-16 16:00:00 DEBUG faker.factory Looking for locale `en_US` in provider `faker.providers.lorem`.
2023-05-16 16:00:00 DEBUG faker.factory Provider `faker.providers.lorem` has been localized to `en_US`.
2023-05-16 16:00:00 DEBUG faker.factory Looking for locale `en_US` in provider `faker.providers.misc`.
2023-05-16 16:00:00 DEBUG faker.factory Provider `faker.providers.misc` has been localized to `en_US`.
2023-05-16 16:00:00 DEBUG faker.factory Looking for locale `en_US` in provider `faker.providers.person`.
2023-05-16 16:00:00 DEBUG faker.factory Provider `faker.providers.person` has been localized to `en_US`.
2023-05-16 16:00:00 DEBUG faker.factory Looking for locale `en_US` in provider `faker.providers.phone_number`.
2023-05-16 16:00:00 DEBUG faker.factory Provider `faker.providers.phone_number` has been localized to `en_US`.
2023-05-16 16:00:00 DEBUG faker.factory Provider `faker.providers.profile` does not feature localization. Specified locale `en_US` is not utilized for this provider.
2023-05-16 16:00:00 DEBUG faker.factory Provider `faker.providers.python` does not feature localization. Specified locale `en_US` is not utilized for this provider.
2023-05-16 16:00:00 DEBUG faker.factory Looking for locale `en_US` in provider `faker.providers.ssn`.
2023-05-16 16:00:00 DEBUG faker.factory Provider `faker.providers.ssn` has been localized to `en_US`.
2023-05-16 16:00:00 DEBUG faker.factory Provider `faker.providers.user_agent` does not feature localization. Specified locale `en_US` is not utilized for this provider.
